2025-04-28 18:12:27,172 - INFO - Iniciando proceso de extracción de datos universitarios
2025-04-28 18:12:27,194 - INFO - Plantilla Excel cargada correctamente: Information.xlsx
2025-04-28 18:12:27,209 - INFO - Procesando país: Estados Unidos
2025-04-28 18:12:27,209 - INFO - Procesando universidad: Massachusetts Institute of Technology, Estados Unidos
2025-04-28 18:12:38,068 - WARNING - Status code 404 for https://www.mit.edu/campus
2025-04-28 18:12:40,075 - WARNING - Status code 404 for https://www.mit.edu/scholarships
2025-04-28 18:12:40,911 - WARNING - Status code 404 for https://www.mit.edu/cs
2025-04-28 18:12:43,804 - WARNING - Status code 404 for https://www.mit.edu/computerscience
2025-04-28 18:12:43,825 - WARNING - Status code 404 for https://www.mit.edu/financial-aid
2025-04-28 18:12:46,147 - WARNING - Status code 404 for https://www.mit.edu/funding
2025-04-28 18:12:46,401 - WARNING - Status code 404 for https://www.mit.edu/computing
2025-04-28 18:12:46,422 - WARNING - Status code 404 for https://www.mit.edu/career
2025-04-28 18:12:48,443 - WARNING - Status code 404 for https://www.mit.edu/fees-and-funding
2025-04-28 18:12:49,561 - WARNING - Status code 404 for https://www.mit.edu/informatics
2025-04-28 18:12:50,076 - WARNING - Status code 404 for https://www.mit.edu/careers
2025-04-28 18:12:51,288 - WARNING - Status code 404 for https://www.mit.edu/international/scholarships
2025-04-28 18:12:51,555 - WARNING - Status code 404 for https://www.mit.edu/engineering/cs
2025-04-28 18:12:53,030 - WARNING - Status code 404 for https://www.mit.edu/graduate/funding
2025-04-28 18:12:53,861 - WARNING - Status code 404 for https://www.mit.edu/graduate
2025-04-28 18:12:56,127 - WARNING - Status code 404 for https://www.mit.edu/admissions/financial-aid
2025-04-28 18:12:57,073 - WARNING - Status code 404 for https://www.mit.edu/postgraduate
2025-04-28 18:13:00,759 - WARNING - Status code 404 for https://www.mit.edu/masters
2025-04-28 18:13:02,709 - WARNING - Status code 404 for https://www.mit.edu/study
2025-04-28 18:13:05,377 - WARNING - Status code 404 for https://www.mit.edu/programs
2025-04-28 18:13:07,105 - WARNING - Status code 404 for https://www.mit.edu/academics
2025-04-28 18:13:08,862 - WARNING - Status code 404 for https://www.mit.edu/degrees
2025-04-28 18:13:11,949 - WARNING - Status code 404 for https://www.mit.edu/business
2025-04-28 18:13:14,144 - WARNING - Status code 404 for https://www.mit.edu/analytics
2025-04-28 18:13:17,634 - WARNING - Status code 404 for https://www.mit.edu/mba
2025-04-28 18:13:20,252 - WARNING - Status code 404 for https://www.mit.edu/management
2025-04-28 18:13:22,769 - WARNING - Status code 404 for https://www.mit.edu/datascience
2025-04-28 18:13:25,799 - WARNING - Status code 404 for https://www.mit.edu/graduate
2025-04-28 18:13:28,907 - WARNING - Status code 404 for https://www.mit.edu/postgraduate
2025-04-28 18:13:32,288 - WARNING - Status code 404 for https://www.mit.edu/masters
2025-04-28 18:13:35,524 - WARNING - Status code 404 for https://www.mit.edu/study
2025-04-28 18:13:37,350 - WARNING - Status code 404 for https://www.mit.edu/programs
2025-04-28 18:13:39,905 - WARNING - Status code 404 for https://www.mit.edu/academics
2025-04-28 18:13:42,838 - WARNING - Status code 404 for https://www.mit.edu/degrees
2025-04-28 18:13:44,584 - WARNING - Status code 404 for https://www.mit.edu/math
2025-04-28 18:13:46,077 - WARNING - Retrying (Retry(total=2, connect=None, read=None, redirect=None, status=None)) after connection broken by 'NewConnectionError('<urllib3.connection.HTTPConnection object at 0x00000247DF846F90>: Failed to establish a new connection: [WinError 10061] No se puede establecer una conexión ya que el equipo de destino denegó expresamente dicha conexión')': /session/4be161a638817758d216d536997e93f3
2025-04-28 18:13:47,988 - WARNING - Status code 404 for https://www.mit.edu/mathematics
2025-04-28 18:13:50,132 - WARNING - Retrying (Retry(total=1, connect=None, read=None, redirect=None, status=None)) after connection broken by 'NewConnectionError('<urllib3.connection.HTTPConnection object at 0x00000247DEF1A7A0>: Failed to establish a new connection: [WinError 10061] No se puede establecer una conexión ya que el equipo de destino denegó expresamente dicha conexión')': /session/4be161a638817758d216d536997e93f3
2025-04-28 18:13:51,429 - WARNING - Status code 404 for https://www.mit.edu/statistics
2025-04-28 18:13:54,183 - WARNING - Retrying (Retry(total=0, connect=None, read=None, redirect=None, status=None)) after connection broken by 'NewConnectionError('<urllib3.connection.HTTPConnection object at 0x00000247DEF1A9C0>: Failed to establish a new connection: [WinError 10061] No se puede establecer una conexión ya que el equipo de destino denegó expresamente dicha conexión')': /session/4be161a638817758d216d536997e93f3
2025-04-28 18:13:54,217 - WARNING - Status code 404 for https://www.mit.edu/appliedmath
2025-04-28 18:13:56,508 - WARNING - Status code 404 for https://www.mit.edu/graduate
2025-04-28 18:13:58,223 - ERROR - Error obteniendo https://www.mit.edu/groups: ('Connection aborted.', ConnectionResetError(10054, 'Se ha forzado la interrupción de una conexión existente por el host remoto', None, 10054, None))
2025-04-28 18:13:58,884 - WARNING - Status code 404 for https://www.mit.edu/postgraduate
2025-04-28 18:14:00,712 - WARNING - Status code 404 for https://www.mit.edu/masters
2025-04-28 18:14:02,645 - WARNING - Status code 404 for https://www.mit.edu/study
2025-04-28 18:14:05,499 - WARNING - Status code 404 for https://www.mit.edu/programs
2025-04-28 18:14:07,795 - WARNING - Status code 404 for https://www.mit.edu/academics
2025-04-28 18:14:09,868 - WARNING - Status code 404 for https://www.mit.edu/degrees
